<?xml version="1.0" encoding="UTF-8"?>
<!-- Generated by org.testng.reporters.JUnitReportReporter -->
<testsuite skipped="0" hostname="Rodriguezs-iMac.local" name="com.four_stay.test.E_Elvira_13_15.FunctionalTest" tests="1" failures="0" timestamp="21 Mar 2018 19:16:32 GMT" time="4.905" errors="0">
  <testcase name="test14" time="4.905" classname="com.four_stay.test.E_Elvira_13_15.FunctionalTest"/>
</testsuite> <!-- com.four_stay.test.E_Elvira_13_15.FunctionalTest -->
