<?xml version="1.0" encoding="UTF-8"?>
<!-- Generated by org.testng.reporters.JUnitReportReporter -->
<testsuite skipped="0" hostname="28YZK72-PC" name="com.four_stay.test.A_Arman_1_3.FunctionalTest" tests="6" failures="0" timestamp="23 Mar 2018 21:14:28 GMT" time="35.995" errors="0">
  <testcase name="TC006" time="4.464" classname="com.four_stay.test.A_Arman_1_3.FunctionalTest"/>
  <testcase name="TC003" time="7.433" classname="com.four_stay.test.A_Arman_1_3.FunctionalTest"/>
  <testcase name="TC004" time="5.843" classname="com.four_stay.test.A_Arman_1_3.FunctionalTest"/>
  <testcase name="TC005" time="4.969" classname="com.four_stay.test.A_Arman_1_3.FunctionalTest"/>
  <testcase name="TC001" time="6.917" classname="com.four_stay.test.A_Arman_1_3.FunctionalTest"/>
  <testcase name="TC002" time="6.369" classname="com.four_stay.test.A_Arman_1_3.FunctionalTest"/>
</testsuite> <!-- com.four_stay.test.A_Arman_1_3.FunctionalTest -->
