<?xml version="1.0" encoding="UTF-8"?>
<!-- Generated by org.testng.reporters.JUnitReportReporter -->
<testsuite hostname="MSI-47" failures="0" tests="3" name="com.four_stay.test.F_Parhat_16_19.SignUpTest" time="18.778" errors="0" timestamp="22 Mar 2018 22:10:21 GMT" skipped="0">
  <testcase classname="com.four_stay.test.F_Parhat_16_19.SignUpTest" name="testCase18" time="0.190"/>
  <testcase classname="com.four_stay.test.F_Parhat_16_19.SignUpTest" name="testCase19" time="5.665"/>
  <testcase classname="com.four_stay.test.F_Parhat_16_19.SignUpTest" name="testCase11" time="12.923"/>
</testsuite> <!-- com.four_stay.test.F_Parhat_16_19.SignUpTest -->
