<?xml version="1.0" encoding="UTF-8"?>
<!-- Generated by org.testng.reporters.JUnitReportReporter -->
<testsuite hostname="MSI-47" failures="0" tests="3" name="com.four_stay.test.E_Elvira_13_15.FunctionalTest" time="26.761" errors="0" timestamp="21 Mar 2018 20:29:09 GMT" skipped="0">
  <testcase classname="com.four_stay.test.E_Elvira_13_15.FunctionalTest" name="test14" time="3.214"/>
  <testcase classname="com.four_stay.test.E_Elvira_13_15.FunctionalTest" name="test15" time="6.880"/>
  <testcase classname="com.four_stay.test.E_Elvira_13_15.FunctionalTest" name="test13" time="16.667"/>
</testsuite> <!-- com.four_stay.test.E_Elvira_13_15.FunctionalTest -->
