<?xml version="1.0" encoding="UTF-8"?>
<!-- Generated by org.testng.reporters.JUnitReportReporter -->
<testsuite skipped="0" hostname="Rodriguezs-iMac.local" name="com.four_stay.test.E_Elvira_13_15.FunctionalTest" tests="3" failures="0" timestamp="20 Mar 2018 16:53:35 GMT" time="32.269" errors="0">
  <testcase name="test15" time="8.323" classname="com.four_stay.test.E_Elvira_13_15.FunctionalTest"/>
  <testcase name="test13" time="17.608" classname="com.four_stay.test.E_Elvira_13_15.FunctionalTest"/>
  <testcase name="test14" time="6.338" classname="com.four_stay.test.E_Elvira_13_15.FunctionalTest"/>
</testsuite> <!-- com.four_stay.test.E_Elvira_13_15.FunctionalTest -->
