<?xml version="1.0" encoding="UTF-8"?>
<!-- Generated by org.testng.reporters.JUnitReportReporter -->
<testsuite skipped="0" hostname="28YZK72-PC" name="com.four_stay.test.D_Dzmitry_10_12.FunctionalTest" tests="3" failures="0" timestamp="23 Mar 2018 15:31:48 GMT" time="39.789" errors="0">
  <testcase name="test" time="3.059" classname="com.four_stay.test.D_Dzmitry_10_12.FunctionalTest"/>
  <testcase name="signUpTest" time="34.380" classname="com.four_stay.test.D_Dzmitry_10_12.FunctionalTest"/>
  <testcase name="searshFunctionalityNegativeTest" time="2.350" classname="com.four_stay.test.D_Dzmitry_10_12.FunctionalTest"/>
</testsuite> <!-- com.four_stay.test.D_Dzmitry_10_12.FunctionalTest -->
