<?xml version="1.0" encoding="UTF-8"?>
<!-- Generated by org.testng.reporters.JUnitReportReporter -->
<testsuite skipped="0" hostname="28YZK72-PC" name="com.four_stay.test.F_Parhat_16_19.SignUpTest" tests="3" failures="0" timestamp="20 Mar 2018 14:39:07 GMT" time="9.163" errors="0">
  <testcase name="testCase19" time="9.161" classname="com.four_stay.test.F_Parhat_16_19.SignUpTest"/>
  <testcase name="testCase11" time="0.001" classname="com.four_stay.test.F_Parhat_16_19.SignUpTest"/>
  <testcase name="testCase12" time="0.001" classname="com.four_stay.test.F_Parhat_16_19.SignUpTest"/>
</testsuite> <!-- com.four_stay.test.F_Parhat_16_19.SignUpTest -->
