<?xml version="1.0" encoding="UTF-8"?>
<!-- Generated by org.testng.reporters.JUnitReportReporter -->
<testsuite skipped="0" hostname="28YZK72-PC" name="com.four_stay.test.SingInFunctionalityTests" tests="7" failures="0" timestamp="23 Mar 2018 21:30:52 GMT" time="54.443" errors="0">
  <testcase name="TC006" time="4.360" classname="com.four_stay.test.SingInFunctionalityTests"/>
  <testcase name="TC003" time="7.390" classname="com.four_stay.test.SingInFunctionalityTests"/>
  <testcase name="TC004" time="6.411" classname="com.four_stay.test.SingInFunctionalityTests"/>
  <testcase name="TC005" time="5.084" classname="com.four_stay.test.SingInFunctionalityTests"/>
  <testcase name="TC001" time="6.105" classname="com.four_stay.test.SingInFunctionalityTests"/>
  <testcase name="TC002" time="5.643" classname="com.four_stay.test.SingInFunctionalityTests"/>
  <testcase name="TC007" time="19.450" classname="com.four_stay.test.SingInFunctionalityTests"/>
</testsuite> <!-- com.four_stay.test.SingInFunctionalityTests -->
