<?xml version="1.0" encoding="UTF-8"?>
<!-- Generated by org.testng.reporters.JUnitReportReporter -->
<testsuite hostname="MSI-47" failures="0" tests="1" name="com.four_stay.test.F_Parhat_16_19.SignUpTest" time="7.770" errors="0" timestamp="17 Mar 2018 23:58:04 GMT" skipped="0">
  <testcase classname="com.four_stay.test.F_Parhat_16_19.SignUpTest" name="testCase19" time="7.770"/>
</testsuite> <!-- com.four_stay.test.F_Parhat_16_19.SignUpTest -->
