<?xml version="1.0" encoding="UTF-8"?>
<!-- Generated by org.testng.reporters.JUnitReportReporter -->
<testsuite skipped="0" hostname="28YZK72-PC" name="com.four_stay.test.E_Elvira_13_15.FunctionalTest" tests="3" failures="0" timestamp="22 Mar 2018 16:44:05 GMT" time="34.755" errors="0">
  <testcase name="test14" time="7.280" classname="com.four_stay.test.E_Elvira_13_15.FunctionalTest"/>
  <testcase name="test15" time="8.912" classname="com.four_stay.test.E_Elvira_13_15.FunctionalTest"/>
  <testcase name="test13" time="18.563" classname="com.four_stay.test.E_Elvira_13_15.FunctionalTest"/>
</testsuite> <!-- com.four_stay.test.E_Elvira_13_15.FunctionalTest -->
