<?xml version="1.0" encoding="UTF-8"?>
<!-- Generated by org.testng.reporters.JUnitReportReporter -->
<testsuite hostname="MSI-47" failures="0" tests="1" name="com.four_stay.test.F_Parhat_16_19.SignUpTest" time="0.690" errors="0" timestamp="16 Mar 2018 05:56:40 GMT" skipped="0">
  <testcase classname="com.four_stay.test.F_Parhat_16_19.SignUpTest" name="test" time="0.690"/>
</testsuite> <!-- com.four_stay.test.F_Parhat_16_19.SignUpTest -->
