<?xml version="1.0" encoding="UTF-8"?>
<!-- Generated by org.testng.reporters.JUnitReportReporter -->
<testsuite skipped="0" hostname="28YZK72-PC" name="com.four_stay.test.A_Arman_1_3.FunctionalTest" tests="3" failures="0" timestamp="23 Mar 2018 15:45:55 GMT" time="17.818" errors="0">
  <testcase name="test1" time="5.140" classname="com.four_stay.test.A_Arman_1_3.FunctionalTest"/>
  <testcase name="test2" time="6.007" classname="com.four_stay.test.A_Arman_1_3.FunctionalTest"/>
  <testcase name="test3" time="6.671" classname="com.four_stay.test.A_Arman_1_3.FunctionalTest"/>
</testsuite> <!-- com.four_stay.test.A_Arman_1_3.FunctionalTest -->
