<?xml version="1.0" encoding="UTF-8"?>
<!-- Generated by org.testng.reporters.JUnitReportReporter -->
<testsuite hostname="MSI-47" failures="0" tests="3" name="com.four_stay.test.A_Arman_1_3.FunctionalTest" time="12.158" errors="0" timestamp="18 Mar 2018 17:15:24 GMT" skipped="0">
  <testcase classname="com.four_stay.test.A_Arman_1_3.FunctionalTest" name="test1" time="2.214"/>
  <testcase classname="com.four_stay.test.A_Arman_1_3.FunctionalTest" name="test2" time="4.414"/>
  <testcase classname="com.four_stay.test.A_Arman_1_3.FunctionalTest" name="test3" time="5.530"/>
</testsuite> <!-- com.four_stay.test.A_Arman_1_3.FunctionalTest -->
