<?xml version="1.0" encoding="UTF-8"?>
<!-- Generated by org.testng.reporters.JUnitReportReporter -->
<testsuite hostname="MSI-47" failures="0" tests="1" name="com.four_stay.test.D_Dzmitry_10_12.FunctionalTest" time="1.653" errors="0" timestamp="22 Mar 2018 22:00:41 GMT" skipped="0">
  <testcase classname="com.four_stay.test.D_Dzmitry_10_12.FunctionalTest" name="test" time="1.653"/>
</testsuite> <!-- com.four_stay.test.D_Dzmitry_10_12.FunctionalTest -->
