<?xml version="1.0" encoding="UTF-8"?>
<!-- Generated by org.testng.reporters.JUnitReportReporter -->
<testsuite hostname="MSI-47" failures="0" tests="1" name="com.four_stay.test.F_Parhat_16_19.SignUpTest" time="12.071" errors="0" timestamp="22 Mar 2018 21:51:00 GMT" skipped="0">
  <testcase classname="com.four_stay.test.F_Parhat_16_19.SignUpTest" name="testCase11" time="12.071"/>
</testsuite> <!-- com.four_stay.test.F_Parhat_16_19.SignUpTest -->
