<?xml version="1.0" encoding="UTF-8"?>
<!-- Generated by org.testng.reporters.JUnitReportReporter -->
<testsuite skipped="0" hostname="28YZK72-PC" name="com.four_stay.test.ListYourStayTest" tests="3" failures="0" timestamp="23 Mar 2018 23:42:18 GMT" time="25.907" errors="0">
  <testcase name="TC008" time="8.538" classname="com.four_stay.test.ListYourStayTest"/>
  <testcase name="TC009" time="11.720" classname="com.four_stay.test.ListYourStayTest"/>
  <testcase name="TC011" time="5.649" classname="com.four_stay.test.ListYourStayTest"/>
</testsuite> <!-- com.four_stay.test.ListYourStayTest -->
