<?xml version="1.0" encoding="UTF-8"?>
<!-- Generated by org.testng.reporters.JUnitReportReporter -->
<testsuite skipped="0" hostname="28YZK72-PC" name="com.four_stay.test.A_Arman_1_3.FunctionalTest" tests="3" failures="0" timestamp="20 Mar 2018 13:27:38 GMT" time="18.201" errors="0">
  <testcase name="test1" time="4.175" classname="com.four_stay.test.A_Arman_1_3.FunctionalTest"/>
  <testcase name="test2" time="8.227" classname="com.four_stay.test.A_Arman_1_3.FunctionalTest"/>
  <testcase name="test3" time="5.799" classname="com.four_stay.test.A_Arman_1_3.FunctionalTest"/>
</testsuite> <!-- com.four_stay.test.A_Arman_1_3.FunctionalTest -->
