<?xml version="1.0" encoding="UTF-8"?>
<!-- Generated by org.testng.reporters.JUnitReportReporter -->
<testsuite hostname="MSI-47" failures="0" tests="3" name="com.four_stay.test.C_Alex_7_9.FunctionalTest" time="33.858" errors="0" timestamp="21 Mar 2018 19:46:16 GMT" skipped="0">
  <testcase classname="com.four_stay.test.C_Alex_7_9.FunctionalTest" name="test008" time="6.857"/>
  <testcase classname="com.four_stay.test.C_Alex_7_9.FunctionalTest" name="test007" time="17.245"/>
  <testcase classname="com.four_stay.test.C_Alex_7_9.FunctionalTest" name="test009" time="9.756"/>
</testsuite> <!-- com.four_stay.test.C_Alex_7_9.FunctionalTest -->
