<?xml version="1.0" encoding="UTF-8"?>
<!-- Generated by org.testng.reporters.JUnitReportReporter -->
<testsuite hostname="MSI-47" failures="0" tests="4" name="com.four_stay.test.F_Parhat_16_19.SignUpTest" time="40.168" errors="0" timestamp="21 Mar 2018 20:45:57 GMT" skipped="0">
  <testcase classname="com.four_stay.test.F_Parhat_16_19.SignUpTest" name="testCase18" time="0.221"/>
  <testcase classname="com.four_stay.test.F_Parhat_16_19.SignUpTest" name="testCase19" time="6.470"/>
  <testcase classname="com.four_stay.test.F_Parhat_16_19.SignUpTest" name="testCase11" time="13.441"/>
  <testcase classname="com.four_stay.test.F_Parhat_16_19.SignUpTest" name="testCase12" time="20.036"/>
</testsuite> <!-- com.four_stay.test.F_Parhat_16_19.SignUpTest -->
