<?xml version="1.0" encoding="UTF-8"?>
<!-- Generated by org.testng.reporters.JUnitReportReporter -->
<testsuite skipped="0" hostname="28YZK72-PC" name="com.four_stay.test.A_Arman_1_3.FunctionalTest" tests="3" failures="0" timestamp="19 Mar 2018 18:31:50 GMT" time="13.986" errors="0">
  <testcase name="test1" time="3.095" classname="com.four_stay.test.A_Arman_1_3.FunctionalTest"/>
  <testcase name="test2" time="5.207" classname="com.four_stay.test.A_Arman_1_3.FunctionalTest"/>
  <testcase name="test3" time="5.684" classname="com.four_stay.test.A_Arman_1_3.FunctionalTest"/>
</testsuite> <!-- com.four_stay.test.A_Arman_1_3.FunctionalTest -->
