<?xml version="1.0" encoding="UTF-8"?>
<!-- Generated by org.testng.reporters.JUnitReportReporter -->
<testsuite hostname="MSI-47" failures="0" tests="4" name="com.four_stay.test.F_Parhat_16_19.SignUpTest" time="37.979" errors="0" timestamp="22 Mar 2018 04:36:40 GMT" skipped="0">
  <testcase classname="com.four_stay.test.F_Parhat_16_19.SignUpTest" name="testCase18" time="0.403"/>
  <testcase classname="com.four_stay.test.F_Parhat_16_19.SignUpTest" name="testCase19" time="6.513"/>
  <testcase classname="com.four_stay.test.F_Parhat_16_19.SignUpTest" name="testCase11" time="13.720"/>
  <testcase classname="com.four_stay.test.F_Parhat_16_19.SignUpTest" name="testCase12" time="17.343"/>
</testsuite> <!-- com.four_stay.test.F_Parhat_16_19.SignUpTest -->
